<?xml version="1.0" encoding="UTF-8"?>
<testsuite name="com.sparta.assignment2.Assignment2ApplicationTests" tests="1" skipped="0" failures="0" errors="0" timestamp="2022-05-24T01:52:54" hostname="DESKTOP-J68MBQ0" time="0.142">
  <properties/>
  <testcase name="contextLoads()" classname="com.sparta.assignment2.Assignment2ApplicationTests" time="0.142"/>
  <system-out><![CDATA[10:52:45.093 [Test worker] DEBUG org.springframework.test.context.BootstrapUtils - Instantiating CacheAwareContextLoaderDelegate from class [org.springframework.test.context.cache.DefaultCacheAwareContextLoaderDelegate]
10:52:45.116 [Test worker] DEBUG org.springframework.test.context.BootstrapUtils - Instantiating BootstrapContext using constructor [public org.springframework.test.context.support.DefaultBootstrapContext(java.lang.Class,org.springframework.test.context.CacheAwareContextLoaderDelegate)]
10:52:45.167 [Test worker] DEBUG org.springframework.test.context.BootstrapUtils - Instantiating TestContextBootstrapper for test class [com.sparta.assignment2.Assignment2ApplicationTests] from class [org.springframework.boot.test.context.SpringBootTestContextBootstrapper]
10:52:45.189 [Test worker] INFO org.springframework.boot.test.context.SpringBootTestContextBootstrapper - Neither @ContextConfiguration nor @ContextHierarchy found for test class [com.sparta.assignment2.Assignment2ApplicationTests], using SpringBootContextLoader
10:52:45.196 [Test worker] DEBUG org.springframework.test.context.support.AbstractContextLoader - Did not detect default resource location for test class [com.sparta.assignment2.Assignment2ApplicationTests]: class path resource [com/sparta/assignment2/Assignment2ApplicationTests-context.xml] does not exist
10:52:45.196 [Test worker] DEBUG org.springframework.test.context.support.AbstractContextLoader - Did not detect default resource location for test class [com.sparta.assignment2.Assignment2ApplicationTests]: class path resource [com/sparta/assignment2/Assignment2ApplicationTestsContext.groovy] does not exist
10:52:45.197 [Test worker] INFO org.springframework.test.context.support.AbstractContextLoader - Could not detect default resource locations for test class [com.sparta.assignment2.Assignment2ApplicationTests]: no resource found for suffixes {-context.xml, Context.groovy}.
10:52:45.198 [Test worker] INFO org.springframework.test.context.support.AnnotationConfigContextLoaderUtils - Could not detect default configuration classes for test class [com.sparta.assignment2.Assignment2ApplicationTests]: Assignment2ApplicationTests does not declare any static, non-private, non-final, nested classes annotated with @Configuration.
10:52:45.263 [Test worker] DEBUG org.springframework.test.context.support.ActiveProfilesUtils - Could not find an 'annotation declaring class' for annotation type [org.springframework.test.context.ActiveProfiles] and class [com.sparta.assignment2.Assignment2ApplicationTests]
10:52:45.372 [Test worker] DEBUG org.springframework.context.annotation.ClassPathScanningCandidateComponentProvider - Identified candidate component class: file [C:\Users\gogo\Desktop\Spring\assignment2\build\classes\java\main\com\sparta\assignment2\Assignment2Application.class]
10:52:45.375 [Test worker] INFO org.springframework.boot.test.context.SpringBootTestContextBootstrapper - Found @SpringBootConfiguration com.sparta.assignment2.Assignment2Application for test class com.sparta.assignment2.Assignment2ApplicationTests
10:52:45.607 [Test worker] DEBUG org.springframework.boot.test.context.SpringBootTestContextBootstrapper - @TestExecutionListeners is not present for class [com.sparta.assignment2.Assignment2ApplicationTests]: using defaults.
10:52:45.608 [Test worker] INFO org.springframework.boot.test.context.SpringBootTestContextBootstrapper - Loaded default TestExecutionListener class names from location [META-INF/spring.factories]: [org.springframework.boot.test.autoconfigure.restdocs.RestDocsTestExecutionListener, org.springframework.boot.test.autoconfigure.web.client.MockRestServiceServerResetTestExecutionListener, org.springframework.boot.test.autoconfigure.web.servlet.MockMvcPrintOnlyOnFailureTestExecutionListener, org.springframework.boot.test.autoconfigure.web.servlet.WebDriverTestExecutionListener, org.springframework.boot.test.autoconfigure.webservices.client.MockWebServiceServerTestExecutionListener, org.springframework.boot.test.mock.mockito.MockitoTestExecutionListener, org.springframework.boot.test.mock.mockito.ResetMocksTestExecutionListener, org.springframework.test.context.web.ServletTestExecutionListener, org.springframework.test.context.support.DirtiesContextBeforeModesTestExecutionListener, org.springframework.test.context.event.ApplicationEventsTestExecutionListener, org.springframework.test.context.support.DependencyInjectionTestExecutionListener, org.springframework.test.context.support.DirtiesContextTestExecutionListener, org.springframework.test.context.transaction.TransactionalTestExecutionListener, org.springframework.test.context.jdbc.SqlScriptsTestExecutionListener, org.springframework.test.context.event.EventPublishingTestExecutionListener]
10:52:45.643 [Test worker] INFO org.springframework.boot.test.context.SpringBootTestContextBootstrapper - Using TestExecutionListeners: [org.springframework.test.context.web.ServletTestExecutionListener@58326051, org.springframework.test.context.support.DirtiesContextBeforeModesTestExecutionListener@32c4e8b2, org.springframework.test.context.event.ApplicationEventsTestExecutionListener@64bce832, org.springframework.boot.test.mock.mockito.MockitoTestExecutionListener@764faa6, org.springframework.boot.test.autoconfigure.SpringBootDependencyInjectionTestExecutionListener@4c1f22f3, org.springframework.test.context.support.DirtiesContextTestExecutionListener@598bd2ba, org.springframework.test.context.transaction.TransactionalTestExecutionListener@5a755cc1, org.springframework.test.context.jdbc.SqlScriptsTestExecutionListener@7ae42ce3, org.springframework.test.context.event.EventPublishingTestExecutionListener@4f5991f6, org.springframework.boot.test.autoconfigure.restdocs.RestDocsTestExecutionListener@484094a5, org.springframework.boot.test.autoconfigure.web.client.MockRestServiceServerResetTestExecutionListener@38234a38, org.springframework.boot.test.autoconfigure.web.servlet.MockMvcPrintOnlyOnFailureTestExecutionListener@63fbfaeb, org.springframework.boot.test.autoconfigure.web.servlet.WebDriverTestExecutionListener@602e0143, org.springframework.boot.test.autoconfigure.webservices.client.MockWebServiceServerTestExecutionListener@2c07545f, org.springframework.boot.test.mock.mockito.ResetMocksTestExecutionListener@e57b96d]
10:52:45.649 [Test worker] DEBUG org.springframework.test.context.support.AbstractDirtiesContextTestExecutionListener - Before test class: context [DefaultTestContext@58be6e8 testClass = Assignment2ApplicationTests, testInstance = [null], testMethod = [null], testException = [null], mergedContextConfiguration = [WebMergedContextConfiguration@7331196b testClass = Assignment2ApplicationTests, locations = '{}', classes = '{class com.sparta.assignment2.Assignment2Application}', contextInitializerClasses = '[]', activeProfiles = '{}', propertySourceLocations = '{}', propertySourceProperties = '{org.springframework.boot.test.context.SpringBootTestContextBootstrapper=true}', contextCustomizers = set[org.springframework.boot.test.autoconfigure.actuate.metrics.MetricsExportContextCustomizerFactory$DisableMetricExportContextCustomizer@79e4c792, org.springframework.boot.test.autoconfigure.properties.PropertyMappingContextCustomizer@0, org.springframework.boot.test.autoconfigure.web.servlet.WebDriverContextCustomizerFactory$Customizer@6caf0677, org.springframework.boot.test.context.filter.ExcludeFilterContextCustomizer@1a75e76a, org.springframework.boot.test.json.DuplicateJsonObjectContextCustomizerFactory$DuplicateJsonObjectContextCustomizer@4681c175, org.springframework.boot.test.mock.mockito.MockitoContextCustomizer@0, org.springframework.boot.test.web.client.TestRestTemplateContextCustomizer@5ddeb7cb, org.springframework.boot.test.context.SpringBootTestArgs@1, org.springframework.boot.test.context.SpringBootTestWebEnvironment@47542153], resourceBasePath = 'src/main/webapp', contextLoader = 'org.springframework.boot.test.context.SpringBootContextLoader', parent = [null]], attributes = map['org.springframework.test.context.web.ServletTestExecutionListener.activateListener' -> true]], class annotated with @DirtiesContext [false] with mode [null].

  .   ____          _            __ _ _
 /\\ / ___'_ __ _ _(_)_ __  __ _ \ \ \ \
( ( )\___ | '_ | '_| | '_ \/ _` | \ \ \ \
 \\/  ___)| |_)| | | | | || (_| |  ) ) ) )
  '  |____| .__|_| |_|_| |_\__, | / / / /
 =========|_|==============|___/=/_/_/_/
 :: Spring Boot ::                (v2.7.0)

2022-05-24 10:52:46.149  INFO 22068 --- [    Test worker] c.s.a.Assignment2ApplicationTests        : Starting Assignment2ApplicationTests using Java 1.8.0_332 on DESKTOP-J68MBQ0 with PID 22068 (started by gogo in C:\Users\gogo\Desktop\Spring\assignment2)
2022-05-24 10:52:46.150  INFO 22068 --- [    Test worker] c.s.a.Assignment2ApplicationTests        : No active profile set, falling back to 1 default profile: "default"
2022-05-24 10:52:47.118  INFO 22068 --- [    Test worker] .s.d.r.c.RepositoryConfigurationDelegate : Bootstrapping Spring Data JPA repositories in DEFAULT mode.
2022-05-24 10:52:47.207  INFO 22068 --- [    Test worker] .s.d.r.c.RepositoryConfigurationDelegate : Finished Spring Data repository scanning in 74 ms. Found 1 JPA repository interfaces.
2022-05-24 10:52:48.368  INFO 22068 --- [    Test worker] o.hibernate.jpa.internal.util.LogHelper  : HHH000204: Processing PersistenceUnitInfo [name: default]
2022-05-24 10:52:48.504  INFO 22068 --- [    Test worker] org.hibernate.Version                    : HHH000412: Hibernate ORM core version 5.6.9.Final
2022-05-24 10:52:48.844  INFO 22068 --- [    Test worker] o.hibernate.annotations.common.Version   : HCANN000001: Hibernate Commons Annotations {5.1.2.Final}
2022-05-24 10:52:49.050  INFO 22068 --- [    Test worker] com.zaxxer.hikari.HikariDataSource       : HikariPool-1 - Starting...
2022-05-24 10:52:49.583  INFO 22068 --- [    Test worker] com.zaxxer.hikari.HikariDataSource       : HikariPool-1 - Start completed.
2022-05-24 10:52:49.648  INFO 22068 --- [    Test worker] org.hibernate.dialect.Dialect            : HHH000400: Using dialect: org.hibernate.dialect.MySQL8Dialect
2022-05-24 10:52:50.900  INFO 22068 --- [    Test worker] o.h.e.t.j.p.i.JtaPlatformInitiator       : HHH000490: Using JtaPlatform implementation: [org.hibernate.engine.transaction.jta.platform.internal.NoJtaPlatform]
2022-05-24 10:52:50.915  INFO 22068 --- [    Test worker] j.LocalContainerEntityManagerFactoryBean : Initialized JPA EntityManagerFactory for persistence unit 'default'
2022-05-24 10:52:53.100  WARN 22068 --- [    Test worker] JpaBaseConfiguration$JpaWebConfiguration : spring.jpa.open-in-view is enabled by default. Therefore, database queries may be performed during view rendering. Explicitly configure spring.jpa.open-in-view to disable this warning
2022-05-24 10:52:53.715  INFO 22068 --- [    Test worker] o.s.b.a.w.s.WelcomePageHandlerMapping    : Adding welcome page: class path resource [static/index.html]
2022-05-24 10:52:54.335  INFO 22068 --- [    Test worker] c.s.a.Assignment2ApplicationTests        : Started Assignment2ApplicationTests in 8.627 seconds (JVM running for 10.744)
]]></system-out>
  <system-err><![CDATA[]]></system-err>
</testsuite>
